<?xml version="1.0" encoding="UTF-8"?>
<testsuite name="com.fairvalue.contracts.InputHashTest" tests="6" skipped="0" failures="0" errors="0" timestamp="2026-06-26T05:54:31" hostname="BOOK-LI6PPMTPA1" time="0.114">
  <properties/>
  <testcase name="TV1_CB_basic" classname="com.fairvalue.contracts.InputHashTest" time="0.066"/>
  <testcase name="TV2_CB_refixing" classname="com.fairvalue.contracts.InputHashTest" time="0.007"/>
  <testcase name="TV3_RCPS" classname="com.fairvalue.contracts.InputHashTest" time="0.003"/>
  <testcase name="TV4_SO_maturity_null" classname="com.fairvalue.contracts.InputHashTest" time="0.004"/>
  <testcase name="TV5_CSO_tranche" classname="com.fairvalue.contracts.InputHashTest" time="0.004"/>
  <testcase name="벡터는 5개이며 canonical_blob 도 일치한다()" classname="com.fairvalue.contracts.InputHashTest" time="0.013"/>
  <system-out><![CDATA[]]></system-out>
  <system-err><![CDATA[]]></system-err>
</testsuite>
